<component name="libraryTable">
  <library name="junit-4.12">
    <CLASSES>
      <root url="jar://F:/Program Files/apache-maven-repo/junit/junit/4.12/junit-4.12.jar!/" />
    </CLASSES>
    <JAVADOC />
    <SOURCES />
  </library>
</component>